<?xml version="1.0" encoding="UTF-8"?>
<testsuite xmlns:xsi="http://www.w3.org/2001/XMLSchema-instance" xsi:noNamespaceSchemaLocation="https://maven.apache.org/surefire/maven-surefire-plugin/xsd/surefire-test-report-3.0.xsd" version="3.0" name="com.volleyball.planningservice.PlanningServiceApplicationTests" time="11.483" tests="2" errors="0" skipped="0" failures="0">
  <properties>
[...]
</properties>
  <testcase name="mainMethodTest" classname="com.volleyball.planningservice.PlanningServiceApplicationTests" time="0.647">
    <system-out><![CDATA[01:12:55.060 [main] INFO org.springframework.test.context.support.AnnotationConfigContextLoaderUtils -- Could not detect default configuration classes for test class [com.volleyball.planningservice.PlanningServiceApplicationTests]: PlanningServiceApplicationTests does not declare any static, non-private, non-final, nested classes annotated with @Configuration.
01:12:55.171 [main] INFO org.springframework.boot.test.context.SpringBootTestContextBootstrapper -- Found @SpringBootConfiguration com.volleyball.planningservice.PlanningServiceApplication for test class com.volleyball.planningservice.PlanningServiceApplicationTests

  .   ____          _            __ _ _
 /\\ / ___'_ __ _ _(_)_ __  __ _ \ \ \ \
( ( )\___ | '_ | '_| | '_ \/ _` | \ \ \ \
 \\/  ___)| |_)| | | | | || (_| |  ) ) ) )
  '  |____| .__|_| |_|_| |_\__, | / / / /
 =========|_|==============|___/=/_/_/_/
 :: Spring Boot ::                (v3.2.0)

2025-08-13T01:12:56.776+01:00  INFO 22880 --- [planning-service] [           main] c.v.p.PlanningServiceApplicationTests    : Starting PlanningServiceApplicationTests using Java 21.0.2 with PID 22880 (started by Administrator in C:\Users\Administrator\Desktop\plateforme intelligente pour gérer une équipe de volley-ball 2\microservice\planning-service)
2025-08-13T01:12:56.777+01:00 DEBUG 22880 --- [planning-service] [           main] c.v.p.PlanningServiceApplicationTests    : Running with Spring Boot v3.2.0, Spring v6.1.1
2025-08-13T01:12:56.779+01:00  INFO 22880 --- [planning-service] [           main] c.v.p.PlanningServiceApplicationTests    : No active profile set, falling back to 1 default profile: "default"
2025-08-13T01:12:57.897+01:00  INFO 22880 --- [planning-service] [           main] .s.d.r.c.RepositoryConfigurationDelegate : Bootstrapping Spring Data JPA repositories in DEFAULT mode.
2025-08-13T01:12:58.041+01:00  INFO 22880 --- [planning-service] [           main] .s.d.r.c.RepositoryConfigurationDelegate : Finished Spring Data repository scanning in 132 ms. Found 1 JPA repository interface.
2025-08-13T01:12:58.357+01:00  INFO 22880 --- [planning-service] [           main] o.s.cloud.context.scope.GenericScope     : BeanFactory id=3fa621c9-4515-36e0-b15e-a3d154804ef4
2025-08-13T01:12:58.578+01:00  WARN 22880 --- [planning-service] [           main] trationDelegate$BeanPostProcessorChecker : Bean 'org.springframework.cloud.client.loadbalancer.LoadBalancerAutoConfiguration$LoadBalancerInterceptorConfig' of type [org.springframework.cloud.client.loadbalancer.LoadBalancerAutoConfiguration$LoadBalancerInterceptorConfig] is not eligible for getting processed by all BeanPostProcessors (for example: not eligible for auto-proxying). The currently created BeanPostProcessor [lbRestClientPostProcessor] is declared through a non-static factory method on that class; consider declaring it as static instead.
2025-08-13T01:12:58.581+01:00  WARN 22880 --- [planning-service] [           main] trationDelegate$BeanPostProcessorChecker : Bean 'org.springframework.cloud.loadbalancer.config.BlockingLoadBalancerClientAutoConfiguration' of type [org.springframework.cloud.loadbalancer.config.BlockingLoadBalancerClientAutoConfiguration] is not eligible for getting processed by all BeanPostProcessors (for example: not eligible for auto-proxying). Is this bean getting eagerly injected into a currently created BeanPostProcessor [lbRestClientPostProcessor]? Check the corresponding BeanPostProcessor declaration and its dependencies.
2025-08-13T01:12:58.582+01:00  WARN 22880 --- [planning-service] [           main] trationDelegate$BeanPostProcessorChecker : Bean 'org.springframework.cloud.loadbalancer.config.LoadBalancerAutoConfiguration' of type [org.springframework.cloud.loadbalancer.config.LoadBalancerAutoConfiguration] is not eligible for getting processed by all BeanPostProcessors (for example: not eligible for auto-proxying). Is this bean getting eagerly injected into a currently created BeanPostProcessor [lbRestClientPostProcessor]? Check the corresponding BeanPostProcessor declaration and its dependencies.
2025-08-13T01:12:58.597+01:00  WARN 22880 --- [planning-service] [           main] trationDelegate$BeanPostProcessorChecker : Bean 'org.springframework.cloud.commons.config.CommonsConfigAutoConfiguration' of type [org.springframework.cloud.commons.config.CommonsConfigAutoConfiguration] is not eligible for getting processed by all BeanPostProcessors (for example: not eligible for auto-proxying). Is this bean getting eagerly injected into a currently created BeanPostProcessor [lbRestClientPostProcessor]? Check the corresponding BeanPostProcessor declaration and its dependencies.
2025-08-13T01:12:58.600+01:00  WARN 22880 --- [planning-service] [           main] trationDelegate$BeanPostProcessorChecker : Bean 'org.springframework.cloud.client.loadbalancer.LoadBalancerDefaultMappingsProviderAutoConfiguration' of type [org.springframework.cloud.client.loadbalancer.LoadBalancerDefaultMappingsProviderAutoConfiguration] is not eligible for getting processed by all BeanPostProcessors (for example: not eligible for auto-proxying). Is this bean getting eagerly injected into a currently created BeanPostProcessor [lbRestClientPostProcessor]? Check the corresponding BeanPostProcessor declaration and its dependencies.
2025-08-13T01:12:58.601+01:00  WARN 22880 --- [planning-service] [           main] trationDelegate$BeanPostProcessorChecker : Bean 'loadBalancerClientsDefaultsMappingsProvider' of type [org.springframework.cloud.client.loadbalancer.LoadBalancerDefaultMappingsProviderAutoConfiguration$$Lambda/0x000001c3014a5590] is not eligible for getting processed by all BeanPostProcessors (for example: not eligible for auto-proxying). Is this bean getting eagerly injected into a currently created BeanPostProcessor [lbRestClientPostProcessor]? Check the corresponding BeanPostProcessor declaration and its dependencies.
2025-08-13T01:12:58.603+01:00  WARN 22880 --- [planning-service] [           main] trationDelegate$BeanPostProcessorChecker : Bean 'defaultsBindHandlerAdvisor' of type [org.springframework.cloud.commons.config.DefaultsBindHandlerAdvisor] is not eligible for getting processed by all BeanPostProcessors (for example: not eligible for auto-proxying). Is this bean getting eagerly injected into a currently created BeanPostProcessor [lbRestClientPostProcessor]? Check the corresponding BeanPostProcessor declaration and its dependencies.
2025-08-13T01:12:58.615+01:00  WARN 22880 --- [planning-service] [           main] trationDelegate$BeanPostProcessorChecker : Bean 'spring.cloud.loadbalancer-org.springframework.cloud.client.loadbalancer.LoadBalancerClientsProperties' of type [org.springframework.cloud.client.loadbalancer.LoadBalancerClientsProperties] is not eligible for getting processed by all BeanPostProcessors (for example: not eligible for auto-proxying). Is this bean getting eagerly injected into a currently created BeanPostProcessor [lbRestClientPostProcessor]? Check the corresponding BeanPostProcessor declaration and its dependencies.
2025-08-13T01:12:58.622+01:00  WARN 22880 --- [planning-service] [           main] trationDelegate$BeanPostProcessorChecker : Bean 'default.org.springframework.cloud.loadbalancer.config.LoadBalancerAutoConfiguration.LoadBalancerClientSpecification' of type [org.springframework.cloud.loadbalancer.annotation.LoadBalancerClientSpecification] is not eligible for getting processed by all BeanPostProcessors (for example: not eligible for auto-proxying). Is this bean getting eagerly injected into a currently created BeanPostProcessor [lbRestClientPostProcessor]? Check the corresponding BeanPostProcessor declaration and its dependencies.
2025-08-13T01:12:58.624+01:00  WARN 22880 --- [planning-service] [           main] trationDelegate$BeanPostProcessorChecker : Bean 'default.org.springframework.cloud.loadbalancer.config.BlockingLoadBalancerClientAutoConfiguration.LoadBalancerClientSpecification' of type [org.springframework.cloud.loadbalancer.annotation.LoadBalancerClientSpecification] is not eligible for getting processed by all BeanPostProcessors (for example: not eligible for auto-proxying). Is this bean getting eagerly injected into a currently created BeanPostProcessor [lbRestClientPostProcessor]? Check the corresponding BeanPostProcessor declaration and its dependencies.
2025-08-13T01:12:58.624+01:00  WARN 22880 --- [planning-service] [           main] trationDelegate$BeanPostProcessorChecker : Bean 'default.org.springframework.cloud.netflix.eureka.loadbalancer.LoadBalancerEurekaAutoConfiguration.LoadBalancerClientSpecification' of type [org.springframework.cloud.loadbalancer.annotation.LoadBalancerClientSpecification] is not eligible for getting processed by all BeanPostProcessors (for example: not eligible for auto-proxying). Is this bean getting eagerly injected into a currently created BeanPostProcessor [lbRestClientPostProcessor]? Check the corresponding BeanPostProcessor declaration and its dependencies.
2025-08-13T01:12:58.626+01:00  WARN 22880 --- [planning-service] [           main] trationDelegate$BeanPostProcessorChecker : Bean 'loadBalancerClientFactory' of type [org.springframework.cloud.loadbalancer.support.LoadBalancerClientFactory] is not eligible for getting processed by all BeanPostProcessors (for example: not eligible for auto-proxying). Is this bean getting eagerly injected into a currently created BeanPostProcessor [lbRestClientPostProcessor]? Check the corresponding BeanPostProcessor declaration and its dependencies.
2025-08-13T01:12:58.631+01:00  WARN 22880 --- [planning-service] [           main] trationDelegate$BeanPostProcessorChecker : Bean 'blockingLoadBalancerClient' of type [org.springframework.cloud.loadbalancer.blocking.client.BlockingLoadBalancerClient] is not eligible for getting processed by all BeanPostProcessors (for example: not eligible for auto-proxying). Is this bean getting eagerly injected into a currently created BeanPostProcessor [lbRestClientPostProcessor]? Check the corresponding BeanPostProcessor declaration and its dependencies.
2025-08-13T01:12:58.638+01:00  WARN 22880 --- [planning-service] [           main] trationDelegate$BeanPostProcessorChecker : Bean 'loadBalancerServiceInstanceCookieTransformer' of type [org.springframework.cloud.loadbalancer.core.LoadBalancerServiceInstanceCookieTransformer] is not eligible for getting processed by all BeanPostProcessors (for example: not eligible for auto-proxying). Is this bean getting eagerly injected into a currently created BeanPostProcessor [lbRestClientPostProcessor]? Check the corresponding BeanPostProcessor declaration and its dependencies.
2025-08-13T01:12:58.640+01:00  WARN 22880 --- [planning-service] [           main] trationDelegate$BeanPostProcessorChecker : Bean 'xForwarderHeadersTransformer' of type [org.springframework.cloud.loadbalancer.blocking.XForwardedHeadersTransformer] is not eligible for getting processed by all BeanPostProcessors (for example: not eligible for auto-proxying). Is this bean getting eagerly injected into a currently created BeanPostProcessor [lbRestClientPostProcessor]? Check the corresponding BeanPostProcessor declaration and its dependencies.
2025-08-13T01:12:58.641+01:00  WARN 22880 --- [planning-service] [           main] trationDelegate$BeanPostProcessorChecker : Bean 'org.springframework.cloud.client.loadbalancer.LoadBalancerAutoConfiguration' of type [org.springframework.cloud.client.loadbalancer.LoadBalancerAutoConfiguration] is not eligible for getting processed by all BeanPostProcessors (for example: not eligible for auto-proxying). Is this bean getting eagerly injected into a currently created BeanPostProcessor [lbRestClientPostProcessor]? Check the corresponding BeanPostProcessor declaration and its dependencies.
2025-08-13T01:12:58.644+01:00  WARN 22880 --- [planning-service] [           main] trationDelegate$BeanPostProcessorChecker : Bean 'loadBalancerRequestFactory' of type [org.springframework.cloud.client.loadbalancer.LoadBalancerRequestFactory] is not eligible for getting processed by all BeanPostProcessors (for example: not eligible for auto-proxying). Is this bean getting eagerly injected into a currently created BeanPostProcessor [lbRestClientPostProcessor]? Check the corresponding BeanPostProcessor declaration and its dependencies.
2025-08-13T01:12:58.645+01:00  WARN 22880 --- [planning-service] [           main] trationDelegate$BeanPostProcessorChecker : Bean 'loadBalancerInterceptor' of type [org.springframework.cloud.client.loadbalancer.LoadBalancerInterceptor] is not eligible for getting processed by all BeanPostProcessors (for example: not eligible for auto-proxying). Is this bean getting eagerly injected into a currently created BeanPostProcessor [lbRestClientPostProcessor]? Check the corresponding BeanPostProcessor declaration and its dependencies.
2025-08-13T01:12:58.841+01:00  INFO 22880 --- [planning-service] [           main] o.hibernate.jpa.internal.util.LogHelper  : HHH000204: Processing PersistenceUnitInfo [name: default]
2025-08-13T01:12:58.960+01:00  INFO 22880 --- [planning-service] [           main] org.hibernate.Version                    : HHH000412: Hibernate ORM core version 6.3.1.Final
2025-08-13T01:12:59.014+01:00  INFO 22880 --- [planning-service] [           main] o.h.c.internal.RegionFactoryInitiator    : HHH000026: Second-level cache disabled
2025-08-13T01:12:59.375+01:00  INFO 22880 --- [planning-service] [           main] o.s.o.j.p.SpringPersistenceUnitInfo      : No LoadTimeWeaver setup: ignoring JPA class transformer
2025-08-13T01:12:59.401+01:00  INFO 22880 --- [planning-service] [           main] com.zaxxer.hikari.HikariDataSource       : HikariPool-1 - Starting...
2025-08-13T01:12:59.722+01:00  INFO 22880 --- [planning-service] [           main] com.zaxxer.hikari.pool.HikariPool        : HikariPool-1 - Added connection org.postgresql.jdbc.PgConnection@4eb1943b
2025-08-13T01:12:59.724+01:00  INFO 22880 --- [planning-service] [           main] com.zaxxer.hikari.HikariDataSource       : HikariPool-1 - Start completed.
2025-08-13T01:12:59.766+01:00  WARN 22880 --- [planning-service] [           main] org.hibernate.orm.deprecation            : HHH90000025: PostgreSQLDialect does not need to be specified explicitly using 'hibernate.dialect' (remove the property setting and it will be selected by default)
2025-08-13T01:13:00.644+01:00  INFO 22880 --- [planning-service] [           main] o.h.e.t.j.p.i.JtaPlatformInitiator       : HHH000489: No JTA platform available (set 'hibernate.transaction.jta.platform' to enable JTA platform integration)
2025-08-13T01:13:00.647+01:00  INFO 22880 --- [planning-service] [           main] j.LocalContainerEntityManagerFactoryBean : Initialized JPA EntityManagerFactory for persistence unit 'default'
2025-08-13T01:13:01.140+01:00  INFO 22880 --- [planning-service] [           main] o.s.d.j.r.query.QueryEnhancerFactory     : Hibernate is in classpath; If applicable, HQL parser will be used.
2025-08-13T01:13:01.863+01:00  WARN 22880 --- [planning-service] [           main] JpaBaseConfiguration$JpaWebConfiguration : spring.jpa.open-in-view is enabled by default. Therefore, database queries may be performed during view rendering. Explicitly configure spring.jpa.open-in-view to disable this warning
2025-08-13T01:13:01.995+01:00  WARN 22880 --- [planning-service] [           main] .s.s.UserDetailsServiceAutoConfiguration : 

Using generated security password: fa69ea4f-683b-4aa6-aac2-06c630f955fd

This generated password is for development use only. Your security configuration must be updated before running your application in production.

2025-08-13T01:13:02.405+01:00  INFO 22880 --- [planning-service] [           main] o.s.s.web.DefaultSecurityFilterChain     : Will secure any request with [org.springframework.security.web.session.DisableEncodeUrlFilter@794fbf0d, org.springframework.security.web.context.request.async.WebAsyncManagerIntegrationFilter@41a372c1, org.springframework.security.web.context.SecurityContextHolderFilter@68c06a2, org.springframework.security.web.header.HeaderWriterFilter@2005d3e0, org.springframework.web.filter.CorsFilter@12bb3666, org.springframework.security.web.authentication.logout.LogoutFilter@26ab3c1b, org.springframework.security.web.savedrequest.RequestCacheAwareFilter@34ccce55, org.springframework.security.web.servletapi.SecurityContextHolderAwareRequestFilter@7668edd7, org.springframework.security.web.authentication.AnonymousAuthenticationFilter@18c2b4c6, org.springframework.security.web.session.SessionManagementFilter@7e544223, org.springframework.security.web.access.ExceptionTranslationFilter@11a8735d, org.springframework.security.web.access.intercept.AuthorizationFilter@24a38ef3]
2025-08-13T01:13:03.952+01:00  INFO 22880 --- [planning-service] [           main] o.s.cloud.commons.util.InetUtils         : Cannot determine local hostname
2025-08-13T01:13:03.976+01:00  INFO 22880 --- [planning-service] [           main] DiscoveryClientOptionalArgsConfiguration : Eureka HTTP Client uses RestTemplate.
2025-08-13T01:13:05.013+01:00  INFO 22880 --- [planning-service] [           main] o.s.cloud.commons.util.InetUtils         : Cannot determine local hostname
2025-08-13T01:13:05.045+01:00  WARN 22880 --- [planning-service] [           main] iguration$LoadBalancerCaffeineWarnLogger : Spring Cloud LoadBalancer is currently working with the default cache. While this cache implementation is useful for development and tests, it's recommended to use Caffeine cache in production.You can switch to using Caffeine cache, by adding it and org.springframework.cache.caffeine.CaffeineCacheManager to the classpath.
2025-08-13T01:13:05.074+01:00  INFO 22880 --- [planning-service] [           main] o.s.c.n.eureka.InstanceInfoFactory       : Setting initial instance status as: STARTING
2025-08-13T01:13:05.218+01:00  INFO 22880 --- [planning-service] [           main] com.netflix.discovery.DiscoveryClient    : Initializing Eureka in region us-east-1
2025-08-13T01:13:05.222+01:00  INFO 22880 --- [planning-service] [           main] c.n.d.s.r.aws.ConfigClusterResolver      : Resolving eureka endpoints via configuration
2025-08-13T01:13:05.244+01:00  INFO 22880 --- [planning-service] [           main] com.netflix.discovery.DiscoveryClient    : Disable delta property : false
2025-08-13T01:13:05.244+01:00  INFO 22880 --- [planning-service] [           main] com.netflix.discovery.DiscoveryClient    : Single vip registry refresh property : null
2025-08-13T01:13:05.244+01:00  INFO 22880 --- [planning-service] [           main] com.netflix.discovery.DiscoveryClient    : Force full registry fetch : false
2025-08-13T01:13:05.244+01:00  INFO 22880 --- [planning-service] [           main] com.netflix.discovery.DiscoveryClient    : Application is null : false
2025-08-13T01:13:05.244+01:00  INFO 22880 --- [planning-service] [           main] com.netflix.discovery.DiscoveryClient    : Registered Applications size is zero : true
2025-08-13T01:13:05.244+01:00  INFO 22880 --- [planning-service] [           main] com.netflix.discovery.DiscoveryClient    : Application version is -1: true
2025-08-13T01:13:05.244+01:00  INFO 22880 --- [planning-service] [           main] com.netflix.discovery.DiscoveryClient    : Getting all instance registry info from the eureka server
2025-08-13T01:13:05.620+01:00  INFO 22880 --- [planning-service] [           main] com.netflix.discovery.DiscoveryClient    : The response status is 200
2025-08-13T01:13:05.623+01:00  INFO 22880 --- [planning-service] [           main] com.netflix.discovery.DiscoveryClient    : Starting heartbeat executor: renew interval is: 30
2025-08-13T01:13:05.626+01:00  INFO 22880 --- [planning-service] [           main] c.n.discovery.InstanceInfoReplicator     : InstanceInfoReplicator onDemand update allowed rate per min is 4
2025-08-13T01:13:05.631+01:00  INFO 22880 --- [planning-service] [           main] com.netflix.discovery.DiscoveryClient    : Discovery Client initialized at timestamp 1755043985630 with initial instances count: 6
2025-08-13T01:13:05.636+01:00  INFO 22880 --- [planning-service] [           main] o.s.c.n.e.s.EurekaServiceRegistry        : Registering application PLANNING-SERVICE with eureka with status UP
2025-08-13T01:13:05.637+01:00  INFO 22880 --- [planning-service] [           main] com.netflix.discovery.DiscoveryClient    : Saw local status change event StatusChangeEvent [timestamp=1755043985637, current=UP, previous=STARTING]
2025-08-13T01:13:05.638+01:00  INFO 22880 --- [planning-service] [nfoReplicator-0] com.netflix.discovery.DiscoveryClient    : DiscoveryClient_PLANNING-SERVICE/localhost:planning-service:8089: registering service...
2025-08-13T01:13:05.647+01:00  INFO 22880 --- [planning-service] [           main] c.v.p.PlanningServiceApplicationTests    : Started PlanningServiceApplicationTests in 10.314 seconds (process running for 11.613)
2025-08-13T01:13:05.696+01:00  INFO 22880 --- [planning-service] [nfoReplicator-0] com.netflix.discovery.DiscoveryClient    : DiscoveryClient_PLANNING-SERVICE/localhost:planning-service:8089 - registration status: 204
]]></system-out>
    <system-err><![CDATA[WARNING: A Java agent has been loaded dynamically (C:\Users\Administrator\.m2\repository\net\bytebuddy\byte-buddy-agent\1.14.10\byte-buddy-agent-1.14.10.jar)
WARNING: If a serviceability tool is in use, please run with -XX:+EnableDynamicAgentLoading to hide this warning
WARNING: If a serviceability tool is not in use, please run with -Djdk.instrument.traceUsage for more information
WARNING: Dynamic loading of agents will be disallowed by default in a future release
]]></system-err>
  </testcase>
  <testcase name="contextLoads" classname="com.volleyball.planningservice.PlanningServiceApplicationTests" time="0.004"/>
</testsuite>